2019-04-22 14:26:05.468 - INFO  -  org.entando.entando.aps.system.init.InstallationReportDAO - Report not availablejava.sql.SQLSyntaxErrorException: Schema 'AGILE' does not exist
2019-04-22 14:26:05.474 - WARN  -  org.entando.entando.aps.system.init.DatabaseManager - dump report file name not found in path databaseBackups/develop/dumpReport.xml
2019-04-22 14:26:05.620 - INFO  -  org.entando.entando.aps.system.init.util.TableFactory - Created table - portDataSource/sysconfig
2019-04-22 14:26:05.661 - INFO  -  org.entando.entando.aps.system.init.util.TableFactory - Created table - portDataSource/categories
2019-04-22 14:26:05.665 - INFO  -  org.entando.entando.aps.system.init.util.TableFactory - Created table - portDataSource/localstrings
2019-04-22 14:26:05.679 - INFO  -  org.entando.entando.aps.system.init.util.TableFactory - Created table - portDataSource/pagemodels
2019-04-22 14:26:05.689 - INFO  -  org.entando.entando.aps.system.init.util.TableFactory - Created table - portDataSource/pages
2019-04-22 14:26:05.703 - INFO  -  org.entando.entando.aps.system.init.util.TableFactory - Created table - portDataSource/pages_metadata_online
2019-04-22 14:26:05.732 - INFO  -  org.entando.entando.aps.system.init.util.TableFactory - Created table - portDataSource/pages_metadata_draft
2019-04-22 14:26:05.749 - INFO  -  org.entando.entando.aps.system.init.util.TableFactory - Created table - portDataSource/widgetcatalog
2019-04-22 14:26:05.756 - INFO  -  org.entando.entando.aps.system.init.util.TableFactory - Created table - portDataSource/guifragment
2019-04-22 14:26:05.766 - INFO  -  org.entando.entando.aps.system.init.util.TableFactory - Created table - portDataSource/widgetconfig
2019-04-22 14:26:05.785 - INFO  -  org.entando.entando.aps.system.init.util.TableFactory - Created table - portDataSource/widgetconfig_draft
2019-04-22 14:26:05.808 - INFO  -  org.entando.entando.aps.system.init.util.TableFactory - Created table - portDataSource/uniquekeys
2019-04-22 14:26:06.007 - INFO  -  org.entando.entando.aps.system.init.util.TableFactory - Created table - servDataSource/authgroups
2019-04-22 14:26:06.013 - INFO  -  org.entando.entando.aps.system.init.util.TableFactory - Created table - servDataSource/authpermissions
2019-04-22 14:26:06.019 - INFO  -  org.entando.entando.aps.system.init.util.TableFactory - Created table - servDataSource/authroles
2019-04-22 14:26:06.027 - INFO  -  org.entando.entando.aps.system.init.util.TableFactory - Created table - servDataSource/authrolepermissions
2019-04-22 14:26:06.046 - INFO  -  org.entando.entando.aps.system.init.util.TableFactory - Created table - servDataSource/authusers
2019-04-22 14:26:06.053 - INFO  -  org.entando.entando.aps.system.init.util.TableFactory - Created table - servDataSource/authusergrouprole
2019-04-22 14:26:06.070 - INFO  -  org.entando.entando.aps.system.init.util.TableFactory - Created table - servDataSource/api_oauth_consumers
2019-04-22 14:26:06.078 - INFO  -  org.entando.entando.aps.system.init.util.TableFactory - Created table - servDataSource/api_oauth_tokens
2019-04-22 14:26:06.082 - INFO  -  org.entando.entando.aps.system.init.util.TableFactory - Created table - servDataSource/apicatalog_methods
2019-04-22 14:26:06.098 - INFO  -  org.entando.entando.aps.system.init.util.TableFactory - Created table - servDataSource/apicatalog_services
2019-04-22 14:26:06.122 - INFO  -  org.entando.entando.aps.system.init.util.TableFactory - Created table - servDataSource/authuserprofiles
2019-04-22 14:26:06.137 - INFO  -  org.entando.entando.aps.system.init.util.TableFactory - Created table - servDataSource/authuserprofilesearch
2019-04-22 14:26:06.157 - INFO  -  org.entando.entando.aps.system.init.util.TableFactory - Created table - servDataSource/authuserprofileattrroles
2019-04-22 14:26:06.165 - INFO  -  org.entando.entando.aps.system.init.util.TableFactory - Created table - servDataSource/actionlogrecords
2019-04-22 14:26:06.178 - INFO  -  org.entando.entando.aps.system.init.util.TableFactory - Created table - servDataSource/actionlogrelations
2019-04-22 14:26:06.187 - INFO  -  org.entando.entando.aps.system.init.util.TableFactory - Created table - servDataSource/actionloglikerecords
2019-04-22 14:26:06.198 - INFO  -  org.entando.entando.aps.system.init.util.TableFactory - Created table - servDataSource/actionlogcommentrecords
2019-04-22 14:26:06.210 - INFO  -  org.entando.entando.aps.system.init.util.TableFactory - Created table - servDataSource/dataobjectmodels
2019-04-22 14:26:06.228 - INFO  -  org.entando.entando.aps.system.init.util.TableFactory - Created table - servDataSource/dataobjects
2019-04-22 14:26:06.245 - INFO  -  org.entando.entando.aps.system.init.util.TableFactory - Created table - servDataSource/dataobjectrelations
2019-04-22 14:26:06.258 - INFO  -  org.entando.entando.aps.system.init.util.TableFactory - Created table - servDataSource/dataobjectsearch
2019-04-22 14:26:06.278 - INFO  -  org.entando.entando.aps.system.init.util.TableFactory - Created table - servDataSource/dataobjectattributeroles
2019-04-22 14:26:06.290 - INFO  -  org.entando.entando.aps.system.init.util.TableFactory - Created table - servDataSource/authusershortcuts
2019-04-22 14:26:07.845 - WARN  -  org.entando.entando.aps.system.XmlWebApplicationContext - Exception encountered during context initialization - cancelling refresh attempt: org.springframework.beans.factory.UnsatisfiedDependencyException: Error creating bean with name 'authorizationServerConfiguration': Unsatisfied dependency expressed through field 'authenticationManager'; nested exception is org.springframework.beans.factory.UnsatisfiedDependencyException: Error creating bean with name 'AuthenticationProviderManager': Unsatisfied dependency expressed through field 'userManager'; nested exception is org.springframework.beans.factory.UnsatisfiedDependencyException: Error creating bean with name 'UserManager': Unsatisfied dependency expressed through field 'userService'; nested exception is org.springframework.beans.factory.NoSuchBeanDefinitionException: No qualifying bean of type 'org.entando.entando.keycloak.services.UserService' available: expected at least 1 bean which qualifies as autowire candidate. Dependency annotations: {@org.springframework.beans.factory.annotation.Autowired(required=true)}
2019-04-22 14:26:20.559 - INFO  -  org.apache.tiles.access.TilesAccess - Removing TilesContext for context: org.apache.tiles.request.servlet.ServletApplicationContext
2019-04-22 15:20:03.882 - INFO  -  org.entando.entando.aps.system.services.page.PageTokenManager - Successfully created a random page_preview_hash
2019-04-22 15:20:07.817 - INFO  -  com.opensymphony.xwork2.spring.SpringObjectFactory - Setting autowire strategy to name
2019-04-22 15:20:34.848 - INFO  -  com.agiletec.apsadmin.common.DispatchAction - User - admin logged
2019-04-22 15:22:38.348 - ERROR -  com.agiletec.aps.system.services.controller.control.Authenticator - Error, could not fulfill the request
org.owasp.esapi.errors.ConfigurationException: java.lang.reflect.InvocationTargetException Encoder class (org.owasp.esapi.reference.DefaultEncoder) CTOR threw exception.
	at org.owasp.esapi.util.ObjFactory.make(ObjFactory.java:129) ~[esapi-2.1.0.1.jar:2.1.0.1]
	at org.owasp.esapi.ESAPI.encoder(ESAPI.java:99) ~[esapi-2.1.0.1.jar:2.1.0.1]
	at org.entando.entando.aps.servlet.XSSRequestWrapper.stripXSS(XSSRequestWrapper.java:68) ~[entando-portal-ui-5.1.0.jar:?]
	at org.entando.entando.aps.servlet.XSSRequestWrapper.getParameter(XSSRequestWrapper.java:57) ~[entando-portal-ui-5.1.0.jar:?]
	at com.agiletec.aps.system.services.controller.control.Authenticator.service(Authenticator.java:67) [entando-portal-ui-5.1.0.jar:?]
	at com.agiletec.aps.system.services.controller.ControllerManager.service(ControllerManager.java:72) [entando-portal-ui-5.1.0.jar:?]
	at org.entando.entando.aps.servlet.ControllerServlet.controlRequest(ControllerServlet.java:96) [entando-portal-ui-5.1.0.jar:?]
	at org.entando.entando.aps.servlet.ControllerServlet.service(ControllerServlet.java:58) [entando-portal-ui-5.1.0.jar:?]
	at javax.servlet.http.HttpServlet.service(HttpServlet.java:790) [javax.servlet-api-3.1.0.jar:3.1.0]
	at org.eclipse.jetty.servlet.ServletHolder.handle(ServletHolder.java:860) [jetty-servlet-9.4.8.v20180619.jar:9.4.8.v20180619]
	at org.eclipse.jetty.servlet.ServletHandler$CachedChain.doFilter(ServletHandler.java:1650) [jetty-servlet-9.4.8.v20180619.jar:9.4.8.v20180619]
	at org.eclipse.jetty.websocket.server.WebSocketUpgradeFilter.doFilter(WebSocketUpgradeFilter.java:206) [websocket-server-9.4.8.v20180619.jar:9.4.8.v20180619]
	at org.eclipse.jetty.servlet.ServletHandler$CachedChain.doFilter(ServletHandler.java:1637) [jetty-servlet-9.4.8.v20180619.jar:9.4.8.v20180619]
	at org.springframework.web.filter.CharacterEncodingFilter.doFilterInternal(CharacterEncodingFilter.java:200) [spring-web-5.0.8.RELEASE.jar:5.0.8.RELEASE]
	at org.springframework.web.filter.OncePerRequestFilter.doFilter(OncePerRequestFilter.java:107) [spring-web-5.0.8.RELEASE.jar:5.0.8.RELEASE]
	at org.eclipse.jetty.servlet.ServletHandler$CachedChain.doFilter(ServletHandler.java:1637) [jetty-servlet-9.4.8.v20180619.jar:9.4.8.v20180619]
	at org.entando.entando.aps.servlet.XSSFilter.doFilter(XSSFilter.java:38) [entando-portal-ui-5.1.0.jar:?]
	at org.eclipse.jetty.servlet.ServletHandler$CachedChain.doFilter(ServletHandler.java:1629) [jetty-servlet-9.4.8.v20180619.jar:9.4.8.v20180619]
	at org.springframework.security.web.FilterChainProxy$VirtualFilterChain.doFilter(FilterChainProxy.java:320) [spring-security-web-5.0.7.RELEASE.jar:5.0.7.RELEASE]
	at org.springframework.security.web.access.intercept.FilterSecurityInterceptor.invoke(FilterSecurityInterceptor.java:127) [spring-security-web-5.0.7.RELEASE.jar:5.0.7.RELEASE]
	at org.springframework.security.web.access.intercept.FilterSecurityInterceptor.doFilter(FilterSecurityInterceptor.java:91) [spring-security-web-5.0.7.RELEASE.jar:5.0.7.RELEASE]
	at org.springframework.security.web.FilterChainProxy$VirtualFilterChain.doFilter(FilterChainProxy.java:334) [spring-security-web-5.0.7.RELEASE.jar:5.0.7.RELEASE]
	at org.springframework.security.web.access.ExceptionTranslationFilter.doFilter(ExceptionTranslationFilter.java:119) [spring-security-web-5.0.7.RELEASE.jar:5.0.7.RELEASE]
	at org.springframework.security.web.FilterChainProxy$VirtualFilterChain.doFilter(FilterChainProxy.java:334) [spring-security-web-5.0.7.RELEASE.jar:5.0.7.RELEASE]
	at org.springframework.security.web.session.SessionManagementFilter.doFilter(SessionManagementFilter.java:137) [spring-security-web-5.0.7.RELEASE.jar:5.0.7.RELEASE]
	at org.springframework.security.web.FilterChainProxy$VirtualFilterChain.doFilter(FilterChainProxy.java:334) [spring-security-web-5.0.7.RELEASE.jar:5.0.7.RELEASE]
	at org.springframework.security.web.servletapi.SecurityContextHolderAwareRequestFilter.doFilter(SecurityContextHolderAwareRequestFilter.java:170) [spring-security-web-5.0.7.RELEASE.jar:5.0.7.RELEASE]
	at org.springframework.security.web.FilterChainProxy$VirtualFilterChain.doFilter(FilterChainProxy.java:334) [spring-security-web-5.0.7.RELEASE.jar:5.0.7.RELEASE]
	at org.springframework.security.web.savedrequest.RequestCacheAwareFilter.doFilter(RequestCacheAwareFilter.java:63) [spring-security-web-5.0.7.RELEASE.jar:5.0.7.RELEASE]
	at org.springframework.security.web.FilterChainProxy$VirtualFilterChain.doFilter(FilterChainProxy.java:334) [spring-security-web-5.0.7.RELEASE.jar:5.0.7.RELEASE]
	at org.springframework.security.web.authentication.logout.LogoutFilter.doFilter(LogoutFilter.java:116) [spring-security-web-5.0.7.RELEASE.jar:5.0.7.RELEASE]
	at org.springframework.security.web.FilterChainProxy$VirtualFilterChain.doFilter(FilterChainProxy.java:334) [spring-security-web-5.0.7.RELEASE.jar:5.0.7.RELEASE]
	at org.springframework.security.web.header.HeaderWriterFilter.doFilterInternal(HeaderWriterFilter.java:66) [spring-security-web-5.0.7.RELEASE.jar:5.0.7.RELEASE]
	at org.springframework.web.filter.OncePerRequestFilter.doFilter(OncePerRequestFilter.java:107) [spring-web-5.0.8.RELEASE.jar:5.0.8.RELEASE]
	at org.springframework.security.web.FilterChainProxy$VirtualFilterChain.doFilter(FilterChainProxy.java:334) [spring-security-web-5.0.7.RELEASE.jar:5.0.7.RELEASE]
	at org.springframework.security.web.context.SecurityContextPersistenceFilter.doFilter(SecurityContextPersistenceFilter.java:105) [spring-security-web-5.0.7.RELEASE.jar:5.0.7.RELEASE]
	at org.springframework.security.web.FilterChainProxy$VirtualFilterChain.doFilter(FilterChainProxy.java:334) [spring-security-web-5.0.7.RELEASE.jar:5.0.7.RELEASE]
	at org.springframework.security.web.context.request.async.WebAsyncManagerIntegrationFilter.doFilterInternal(WebAsyncManagerIntegrationFilter.java:56) [spring-security-web-5.0.7.RELEASE.jar:5.0.7.RELEASE]
	at org.springframework.web.filter.OncePerRequestFilter.doFilter(OncePerRequestFilter.java:107) [spring-web-5.0.8.RELEASE.jar:5.0.8.RELEASE]
	at org.springframework.security.web.FilterChainProxy$VirtualFilterChain.doFilter(FilterChainProxy.java:334) [spring-security-web-5.0.7.RELEASE.jar:5.0.7.RELEASE]
	at org.springframework.security.web.FilterChainProxy.doFilterInternal(FilterChainProxy.java:215) [spring-security-web-5.0.7.RELEASE.jar:5.0.7.RELEASE]
	at org.springframework.security.web.FilterChainProxy.doFilter(FilterChainProxy.java:178) [spring-security-web-5.0.7.RELEASE.jar:5.0.7.RELEASE]
	at org.springframework.web.filter.DelegatingFilterProxy.invokeDelegate(DelegatingFilterProxy.java:357) [spring-web-5.0.8.RELEASE.jar:5.0.8.RELEASE]
	at org.springframework.web.filter.DelegatingFilterProxy.doFilter(DelegatingFilterProxy.java:270) [spring-web-5.0.8.RELEASE.jar:5.0.8.RELEASE]
	at org.eclipse.jetty.servlet.ServletHandler$CachedChain.doFilter(ServletHandler.java:1637) [jetty-servlet-9.4.8.v20180619.jar:9.4.8.v20180619]
	at org.entando.entando.aps.servlet.security.CORSFilter.doFilterInternal(CORSFilter.java:45) [entando-engine-5.1.0.jar:?]
	at org.springframework.web.filter.OncePerRequestFilter.doFilter(OncePerRequestFilter.java:107) [spring-web-5.0.8.RELEASE.jar:5.0.8.RELEASE]
	at org.eclipse.jetty.servlet.ServletHandler$CachedChain.doFilter(ServletHandler.java:1637) [jetty-servlet-9.4.8.v20180619.jar:9.4.8.v20180619]
	at org.eclipse.jetty.servlet.ServletHandler.doHandle(ServletHandler.java:533) [jetty-servlet-9.4.8.v20180619.jar:9.4.8.v20180619]
	at org.eclipse.jetty.server.handler.ScopedHandler.handle(ScopedHandler.java:143) [jetty-server-9.4.8.v20180619.jar:9.4.8.v20180619]
	at org.eclipse.jetty.security.SecurityHandler.handle(SecurityHandler.java:548) [jetty-security-9.4.8.v20180619.jar:9.4.8.v20180619]
	at org.eclipse.jetty.server.handler.HandlerWrapper.handle(HandlerWrapper.java:132) [jetty-server-9.4.8.v20180619.jar:9.4.8.v20180619]
	at org.eclipse.jetty.server.handler.ScopedHandler.nextHandle(ScopedHandler.java:190) [jetty-server-9.4.8.v20180619.jar:9.4.8.v20180619]
	at org.eclipse.jetty.server.session.SessionHandler.doHandle(SessionHandler.java:1595) [jetty-server-9.4.8.v20180619.jar:9.4.8.v20180619]
	at org.eclipse.jetty.server.handler.ScopedHandler.nextHandle(ScopedHandler.java:188) [jetty-server-9.4.8.v20180619.jar:9.4.8.v20180619]
	at org.eclipse.jetty.server.handler.ContextHandler.doHandle(ContextHandler.java:1253) [jetty-server-9.4.8.v20180619.jar:9.4.8.v20180619]
	at org.eclipse.jetty.server.handler.ScopedHandler.nextScope(ScopedHandler.java:168) [jetty-server-9.4.8.v20180619.jar:9.4.8.v20180619]
	at org.eclipse.jetty.servlet.ServletHandler.doScope(ServletHandler.java:473) [jetty-servlet-9.4.8.v20180619.jar:9.4.8.v20180619]
	at org.eclipse.jetty.server.session.SessionHandler.doScope(SessionHandler.java:1564) [jetty-server-9.4.8.v20180619.jar:9.4.8.v20180619]
	at org.eclipse.jetty.server.handler.ScopedHandler.nextScope(ScopedHandler.java:166) [jetty-server-9.4.8.v20180619.jar:9.4.8.v20180619]
	at org.eclipse.jetty.server.handler.ContextHandler.doScope(ContextHandler.java:1155) [jetty-server-9.4.8.v20180619.jar:9.4.8.v20180619]
	at org.eclipse.jetty.server.handler.ScopedHandler.handle(ScopedHandler.java:141) [jetty-server-9.4.8.v20180619.jar:9.4.8.v20180619]
	at org.eclipse.jetty.server.handler.ContextHandlerCollection.handle(ContextHandlerCollection.java:219) [jetty-server-9.4.8.v20180619.jar:9.4.8.v20180619]
	at org.eclipse.jetty.server.handler.HandlerCollection.handle(HandlerCollection.java:126) [jetty-server-9.4.8.v20180619.jar:9.4.8.v20180619]
	at org.eclipse.jetty.server.handler.HandlerWrapper.handle(HandlerWrapper.java:132) [jetty-server-9.4.8.v20180619.jar:9.4.8.v20180619]
	at org.eclipse.jetty.server.Server.handle(Server.java:530) [jetty-server-9.4.8.v20180619.jar:9.4.8.v20180619]
	at org.eclipse.jetty.server.HttpChannel.handle(HttpChannel.java:347) [jetty-server-9.4.8.v20180619.jar:9.4.8.v20180619]
	at org.eclipse.jetty.server.HttpConnection.onFillable(HttpConnection.java:256) [jetty-server-9.4.8.v20180619.jar:9.4.8.v20180619]
	at org.eclipse.jetty.io.AbstractConnection$ReadCallback.succeeded(AbstractConnection.java:279) [jetty-io-9.4.8.v20180619.jar:9.4.8.v20180619]
	at org.eclipse.jetty.io.FillInterest.fillable(FillInterest.java:102) [jetty-io-9.4.8.v20180619.jar:9.4.8.v20180619]
	at org.eclipse.jetty.io.ChannelEndPoint$2.run(ChannelEndPoint.java:124) [jetty-io-9.4.8.v20180619.jar:9.4.8.v20180619]
	at org.eclipse.jetty.util.thread.strategy.EatWhatYouKill.doProduce(EatWhatYouKill.java:247) [jetty-util-9.4.8.v20180619.jar:9.4.8.v20180619]
	at org.eclipse.jetty.util.thread.strategy.EatWhatYouKill.produce(EatWhatYouKill.java:140) [jetty-util-9.4.8.v20180619.jar:9.4.8.v20180619]
	at org.eclipse.jetty.util.thread.strategy.EatWhatYouKill.run(EatWhatYouKill.java:131) [jetty-util-9.4.8.v20180619.jar:9.4.8.v20180619]
	at org.eclipse.jetty.util.thread.ReservedThreadExecutor$ReservedThread.run(ReservedThreadExecutor.java:382) [jetty-util-9.4.8.v20180619.jar:9.4.8.v20180619]
	at org.eclipse.jetty.util.thread.QueuedThreadPool.runJob(QueuedThreadPool.java:708) [jetty-util-9.4.8.v20180619.jar:9.4.8.v20180619]
	at org.eclipse.jetty.util.thread.QueuedThreadPool$2.run(QueuedThreadPool.java:626) [jetty-util-9.4.8.v20180619.jar:9.4.8.v20180619]
	at java.lang.Thread.run(Thread.java:748) [?:1.8.0_162]
Caused by: java.lang.reflect.InvocationTargetException
	at sun.reflect.NativeMethodAccessorImpl.invoke0(Native Method) ~[?:1.8.0_162]
	at sun.reflect.NativeMethodAccessorImpl.invoke(NativeMethodAccessorImpl.java:62) ~[?:1.8.0_162]
	at sun.reflect.DelegatingMethodAccessorImpl.invoke(DelegatingMethodAccessorImpl.java:43) ~[?:1.8.0_162]
	at java.lang.reflect.Method.invoke(Method.java:498) ~[?:1.8.0_162]
	at org.owasp.esapi.util.ObjFactory.make(ObjFactory.java:86) ~[esapi-2.1.0.1.jar:2.1.0.1]
	... 77 more
Caused by: java.lang.NoClassDefFoundError: org/apache/log4j/spi/LoggerFactory
	at java.lang.Class.forName0(Native Method) ~[?:1.8.0_162]
	at java.lang.Class.forName(Class.java:264) ~[?:1.8.0_162]
	at org.owasp.esapi.util.ObjFactory.make(ObjFactory.java:74) ~[esapi-2.1.0.1.jar:2.1.0.1]
	at org.owasp.esapi.ESAPI.logFactory(ESAPI.java:137) ~[esapi-2.1.0.1.jar:2.1.0.1]
	at org.owasp.esapi.ESAPI.getLogger(ESAPI.java:154) ~[esapi-2.1.0.1.jar:2.1.0.1]
	at org.owasp.esapi.reference.DefaultEncoder.<init>(DefaultEncoder.java:75) ~[esapi-2.1.0.1.jar:2.1.0.1]
	at org.owasp.esapi.reference.DefaultEncoder.getInstance(DefaultEncoder.java:59) ~[esapi-2.1.0.1.jar:2.1.0.1]
	at sun.reflect.NativeMethodAccessorImpl.invoke0(Native Method) ~[?:1.8.0_162]
	at sun.reflect.NativeMethodAccessorImpl.invoke(NativeMethodAccessorImpl.java:62) ~[?:1.8.0_162]
	at sun.reflect.DelegatingMethodAccessorImpl.invoke(DelegatingMethodAccessorImpl.java:43) ~[?:1.8.0_162]
	at java.lang.reflect.Method.invoke(Method.java:498) ~[?:1.8.0_162]
	at org.owasp.esapi.util.ObjFactory.make(ObjFactory.java:86) ~[esapi-2.1.0.1.jar:2.1.0.1]
	... 77 more
Caused by: java.lang.ClassNotFoundException: org.apache.log4j.spi.LoggerFactory
	at org.codehaus.plexus.classworlds.strategy.SelfFirstStrategy.loadClass(SelfFirstStrategy.java:50) ~[?:?]
	at org.codehaus.plexus.classworlds.realm.ClassRealm.unsynchronizedLoadClass(ClassRealm.java:271) ~[?:?]
	at org.codehaus.plexus.classworlds.realm.ClassRealm.loadClass(ClassRealm.java:247) ~[?:?]
	at org.codehaus.plexus.classworlds.realm.ClassRealm.loadClass(ClassRealm.java:239) ~[?:?]
	at org.eclipse.jetty.webapp.WebAppClassLoader.loadClass(WebAppClassLoader.java:565) ~[?:?]
	at java.lang.ClassLoader.loadClass(ClassLoader.java:357) ~[?:1.8.0_162]
	at java.lang.Class.forName0(Native Method) ~[?:1.8.0_162]
	at java.lang.Class.forName(Class.java:264) ~[?:1.8.0_162]
	at org.owasp.esapi.util.ObjFactory.make(ObjFactory.java:74) ~[esapi-2.1.0.1.jar:2.1.0.1]
	at org.owasp.esapi.ESAPI.logFactory(ESAPI.java:137) ~[esapi-2.1.0.1.jar:2.1.0.1]
	at org.owasp.esapi.ESAPI.getLogger(ESAPI.java:154) ~[esapi-2.1.0.1.jar:2.1.0.1]
	at org.owasp.esapi.reference.DefaultEncoder.<init>(DefaultEncoder.java:75) ~[esapi-2.1.0.1.jar:2.1.0.1]
	at org.owasp.esapi.reference.DefaultEncoder.getInstance(DefaultEncoder.java:59) ~[esapi-2.1.0.1.jar:2.1.0.1]
	at sun.reflect.NativeMethodAccessorImpl.invoke0(Native Method) ~[?:1.8.0_162]
	at sun.reflect.NativeMethodAccessorImpl.invoke(NativeMethodAccessorImpl.java:62) ~[?:1.8.0_162]
	at sun.reflect.DelegatingMethodAccessorImpl.invoke(DelegatingMethodAccessorImpl.java:43) ~[?:1.8.0_162]
	at java.lang.reflect.Method.invoke(Method.java:498) ~[?:1.8.0_162]
	at org.owasp.esapi.util.ObjFactory.make(ObjFactory.java:86) ~[esapi-2.1.0.1.jar:2.1.0.1]
	... 77 more
2019-04-22 15:22:38.357 - ERROR -  org.entando.entando.aps.servlet.ControllerServlet - Error: final status = SYS_ERROR - request: /en/login.page
2019-04-22 15:22:54.227 - ERROR -  com.agiletec.aps.system.services.controller.control.Authenticator - Error, could not fulfill the request
org.owasp.esapi.errors.ConfigurationException: java.lang.reflect.InvocationTargetException Encoder class (org.owasp.esapi.reference.DefaultEncoder) CTOR threw exception.
	at org.owasp.esapi.util.ObjFactory.make(ObjFactory.java:129) ~[esapi-2.1.0.1.jar:2.1.0.1]
	at org.owasp.esapi.ESAPI.encoder(ESAPI.java:99) ~[esapi-2.1.0.1.jar:2.1.0.1]
	at org.entando.entando.aps.servlet.XSSRequestWrapper.stripXSS(XSSRequestWrapper.java:68) ~[entando-portal-ui-5.1.0.jar:?]
	at org.entando.entando.aps.servlet.XSSRequestWrapper.getParameter(XSSRequestWrapper.java:57) ~[entando-portal-ui-5.1.0.jar:?]
	at com.agiletec.aps.system.services.controller.control.Authenticator.service(Authenticator.java:67) [entando-portal-ui-5.1.0.jar:?]
	at com.agiletec.aps.system.services.controller.ControllerManager.service(ControllerManager.java:72) [entando-portal-ui-5.1.0.jar:?]
	at org.entando.entando.aps.servlet.ControllerServlet.controlRequest(ControllerServlet.java:96) [entando-portal-ui-5.1.0.jar:?]
	at org.entando.entando.aps.servlet.ControllerServlet.service(ControllerServlet.java:58) [entando-portal-ui-5.1.0.jar:?]
	at javax.servlet.http.HttpServlet.service(HttpServlet.java:790) [javax.servlet-api-3.1.0.jar:3.1.0]
	at org.eclipse.jetty.servlet.ServletHolder.handle(ServletHolder.java:860) [jetty-servlet-9.4.8.v20180619.jar:9.4.8.v20180619]
	at org.eclipse.jetty.servlet.ServletHandler$CachedChain.doFilter(ServletHandler.java:1650) [jetty-servlet-9.4.8.v20180619.jar:9.4.8.v20180619]
	at org.eclipse.jetty.websocket.server.WebSocketUpgradeFilter.doFilter(WebSocketUpgradeFilter.java:206) [websocket-server-9.4.8.v20180619.jar:9.4.8.v20180619]
	at org.eclipse.jetty.servlet.ServletHandler$CachedChain.doFilter(ServletHandler.java:1637) [jetty-servlet-9.4.8.v20180619.jar:9.4.8.v20180619]
	at org.springframework.web.filter.CharacterEncodingFilter.doFilterInternal(CharacterEncodingFilter.java:200) [spring-web-5.0.8.RELEASE.jar:5.0.8.RELEASE]
	at org.springframework.web.filter.OncePerRequestFilter.doFilter(OncePerRequestFilter.java:107) [spring-web-5.0.8.RELEASE.jar:5.0.8.RELEASE]
	at org.eclipse.jetty.servlet.ServletHandler$CachedChain.doFilter(ServletHandler.java:1637) [jetty-servlet-9.4.8.v20180619.jar:9.4.8.v20180619]
	at org.entando.entando.aps.servlet.XSSFilter.doFilter(XSSFilter.java:38) [entando-portal-ui-5.1.0.jar:?]
	at org.eclipse.jetty.servlet.ServletHandler$CachedChain.doFilter(ServletHandler.java:1629) [jetty-servlet-9.4.8.v20180619.jar:9.4.8.v20180619]
	at org.springframework.security.web.FilterChainProxy$VirtualFilterChain.doFilter(FilterChainProxy.java:320) [spring-security-web-5.0.7.RELEASE.jar:5.0.7.RELEASE]
	at org.springframework.security.web.access.intercept.FilterSecurityInterceptor.invoke(FilterSecurityInterceptor.java:127) [spring-security-web-5.0.7.RELEASE.jar:5.0.7.RELEASE]
	at org.springframework.security.web.access.intercept.FilterSecurityInterceptor.doFilter(FilterSecurityInterceptor.java:91) [spring-security-web-5.0.7.RELEASE.jar:5.0.7.RELEASE]
	at org.springframework.security.web.FilterChainProxy$VirtualFilterChain.doFilter(FilterChainProxy.java:334) [spring-security-web-5.0.7.RELEASE.jar:5.0.7.RELEASE]
	at org.springframework.security.web.access.ExceptionTranslationFilter.doFilter(ExceptionTranslationFilter.java:119) [spring-security-web-5.0.7.RELEASE.jar:5.0.7.RELEASE]
	at org.springframework.security.web.FilterChainProxy$VirtualFilterChain.doFilter(FilterChainProxy.java:334) [spring-security-web-5.0.7.RELEASE.jar:5.0.7.RELEASE]
	at org.springframework.security.web.session.SessionManagementFilter.doFilter(SessionManagementFilter.java:137) [spring-security-web-5.0.7.RELEASE.jar:5.0.7.RELEASE]
	at org.springframework.security.web.FilterChainProxy$VirtualFilterChain.doFilter(FilterChainProxy.java:334) [spring-security-web-5.0.7.RELEASE.jar:5.0.7.RELEASE]
	at org.springframework.security.web.servletapi.SecurityContextHolderAwareRequestFilter.doFilter(SecurityContextHolderAwareRequestFilter.java:170) [spring-security-web-5.0.7.RELEASE.jar:5.0.7.RELEASE]
	at org.springframework.security.web.FilterChainProxy$VirtualFilterChain.doFilter(FilterChainProxy.java:334) [spring-security-web-5.0.7.RELEASE.jar:5.0.7.RELEASE]
	at org.springframework.security.web.savedrequest.RequestCacheAwareFilter.doFilter(RequestCacheAwareFilter.java:63) [spring-security-web-5.0.7.RELEASE.jar:5.0.7.RELEASE]
	at org.springframework.security.web.FilterChainProxy$VirtualFilterChain.doFilter(FilterChainProxy.java:334) [spring-security-web-5.0.7.RELEASE.jar:5.0.7.RELEASE]
	at org.springframework.security.web.authentication.logout.LogoutFilter.doFilter(LogoutFilter.java:116) [spring-security-web-5.0.7.RELEASE.jar:5.0.7.RELEASE]
	at org.springframework.security.web.FilterChainProxy$VirtualFilterChain.doFilter(FilterChainProxy.java:334) [spring-security-web-5.0.7.RELEASE.jar:5.0.7.RELEASE]
	at org.springframework.security.web.header.HeaderWriterFilter.doFilterInternal(HeaderWriterFilter.java:66) [spring-security-web-5.0.7.RELEASE.jar:5.0.7.RELEASE]
	at org.springframework.web.filter.OncePerRequestFilter.doFilter(OncePerRequestFilter.java:107) [spring-web-5.0.8.RELEASE.jar:5.0.8.RELEASE]
	at org.springframework.security.web.FilterChainProxy$VirtualFilterChain.doFilter(FilterChainProxy.java:334) [spring-security-web-5.0.7.RELEASE.jar:5.0.7.RELEASE]
	at org.springframework.security.web.context.SecurityContextPersistenceFilter.doFilter(SecurityContextPersistenceFilter.java:105) [spring-security-web-5.0.7.RELEASE.jar:5.0.7.RELEASE]
	at org.springframework.security.web.FilterChainProxy$VirtualFilterChain.doFilter(FilterChainProxy.java:334) [spring-security-web-5.0.7.RELEASE.jar:5.0.7.RELEASE]
	at org.springframework.security.web.context.request.async.WebAsyncManagerIntegrationFilter.doFilterInternal(WebAsyncManagerIntegrationFilter.java:56) [spring-security-web-5.0.7.RELEASE.jar:5.0.7.RELEASE]
	at org.springframework.web.filter.OncePerRequestFilter.doFilter(OncePerRequestFilter.java:107) [spring-web-5.0.8.RELEASE.jar:5.0.8.RELEASE]
	at org.springframework.security.web.FilterChainProxy$VirtualFilterChain.doFilter(FilterChainProxy.java:334) [spring-security-web-5.0.7.RELEASE.jar:5.0.7.RELEASE]
	at org.springframework.security.web.FilterChainProxy.doFilterInternal(FilterChainProxy.java:215) [spring-security-web-5.0.7.RELEASE.jar:5.0.7.RELEASE]
	at org.springframework.security.web.FilterChainProxy.doFilter(FilterChainProxy.java:178) [spring-security-web-5.0.7.RELEASE.jar:5.0.7.RELEASE]
	at org.springframework.web.filter.DelegatingFilterProxy.invokeDelegate(DelegatingFilterProxy.java:357) [spring-web-5.0.8.RELEASE.jar:5.0.8.RELEASE]
	at org.springframework.web.filter.DelegatingFilterProxy.doFilter(DelegatingFilterProxy.java:270) [spring-web-5.0.8.RELEASE.jar:5.0.8.RELEASE]
	at org.eclipse.jetty.servlet.ServletHandler$CachedChain.doFilter(ServletHandler.java:1637) [jetty-servlet-9.4.8.v20180619.jar:9.4.8.v20180619]
	at org.entando.entando.aps.servlet.security.CORSFilter.doFilterInternal(CORSFilter.java:45) [entando-engine-5.1.0.jar:?]
	at org.springframework.web.filter.OncePerRequestFilter.doFilter(OncePerRequestFilter.java:107) [spring-web-5.0.8.RELEASE.jar:5.0.8.RELEASE]
	at org.eclipse.jetty.servlet.ServletHandler$CachedChain.doFilter(ServletHandler.java:1637) [jetty-servlet-9.4.8.v20180619.jar:9.4.8.v20180619]
	at org.eclipse.jetty.servlet.ServletHandler.doHandle(ServletHandler.java:533) [jetty-servlet-9.4.8.v20180619.jar:9.4.8.v20180619]
	at org.eclipse.jetty.server.handler.ScopedHandler.handle(ScopedHandler.java:143) [jetty-server-9.4.8.v20180619.jar:9.4.8.v20180619]
	at org.eclipse.jetty.security.SecurityHandler.handle(SecurityHandler.java:548) [jetty-security-9.4.8.v20180619.jar:9.4.8.v20180619]
	at org.eclipse.jetty.server.handler.HandlerWrapper.handle(HandlerWrapper.java:132) [jetty-server-9.4.8.v20180619.jar:9.4.8.v20180619]
	at org.eclipse.jetty.server.handler.ScopedHandler.nextHandle(ScopedHandler.java:190) [jetty-server-9.4.8.v20180619.jar:9.4.8.v20180619]
	at org.eclipse.jetty.server.session.SessionHandler.doHandle(SessionHandler.java:1595) [jetty-server-9.4.8.v20180619.jar:9.4.8.v20180619]
	at org.eclipse.jetty.server.handler.ScopedHandler.nextHandle(ScopedHandler.java:188) [jetty-server-9.4.8.v20180619.jar:9.4.8.v20180619]
	at org.eclipse.jetty.server.handler.ContextHandler.doHandle(ContextHandler.java:1253) [jetty-server-9.4.8.v20180619.jar:9.4.8.v20180619]
	at org.eclipse.jetty.server.handler.ScopedHandler.nextScope(ScopedHandler.java:168) [jetty-server-9.4.8.v20180619.jar:9.4.8.v20180619]
	at org.eclipse.jetty.servlet.ServletHandler.doScope(ServletHandler.java:473) [jetty-servlet-9.4.8.v20180619.jar:9.4.8.v20180619]
	at org.eclipse.jetty.server.session.SessionHandler.doScope(SessionHandler.java:1564) [jetty-server-9.4.8.v20180619.jar:9.4.8.v20180619]
	at org.eclipse.jetty.server.handler.ScopedHandler.nextScope(ScopedHandler.java:166) [jetty-server-9.4.8.v20180619.jar:9.4.8.v20180619]
	at org.eclipse.jetty.server.handler.ContextHandler.doScope(ContextHandler.java:1155) [jetty-server-9.4.8.v20180619.jar:9.4.8.v20180619]
	at org.eclipse.jetty.server.handler.ScopedHandler.handle(ScopedHandler.java:141) [jetty-server-9.4.8.v20180619.jar:9.4.8.v20180619]
	at org.eclipse.jetty.server.handler.ContextHandlerCollection.handle(ContextHandlerCollection.java:219) [jetty-server-9.4.8.v20180619.jar:9.4.8.v20180619]
	at org.eclipse.jetty.server.handler.HandlerCollection.handle(HandlerCollection.java:126) [jetty-server-9.4.8.v20180619.jar:9.4.8.v20180619]
	at org.eclipse.jetty.server.handler.HandlerWrapper.handle(HandlerWrapper.java:132) [jetty-server-9.4.8.v20180619.jar:9.4.8.v20180619]
	at org.eclipse.jetty.server.Server.handle(Server.java:530) [jetty-server-9.4.8.v20180619.jar:9.4.8.v20180619]
	at org.eclipse.jetty.server.HttpChannel.handle(HttpChannel.java:347) [jetty-server-9.4.8.v20180619.jar:9.4.8.v20180619]
	at org.eclipse.jetty.server.HttpConnection.onFillable(HttpConnection.java:256) [jetty-server-9.4.8.v20180619.jar:9.4.8.v20180619]
	at org.eclipse.jetty.io.AbstractConnection$ReadCallback.succeeded(AbstractConnection.java:279) [jetty-io-9.4.8.v20180619.jar:9.4.8.v20180619]
	at org.eclipse.jetty.io.FillInterest.fillable(FillInterest.java:102) [jetty-io-9.4.8.v20180619.jar:9.4.8.v20180619]
	at org.eclipse.jetty.io.ChannelEndPoint$2.run(ChannelEndPoint.java:124) [jetty-io-9.4.8.v20180619.jar:9.4.8.v20180619]
	at org.eclipse.jetty.util.thread.strategy.EatWhatYouKill.doProduce(EatWhatYouKill.java:247) [jetty-util-9.4.8.v20180619.jar:9.4.8.v20180619]
	at org.eclipse.jetty.util.thread.strategy.EatWhatYouKill.produce(EatWhatYouKill.java:140) [jetty-util-9.4.8.v20180619.jar:9.4.8.v20180619]
	at org.eclipse.jetty.util.thread.strategy.EatWhatYouKill.run(EatWhatYouKill.java:131) [jetty-util-9.4.8.v20180619.jar:9.4.8.v20180619]
	at org.eclipse.jetty.util.thread.ReservedThreadExecutor$ReservedThread.run(ReservedThreadExecutor.java:382) [jetty-util-9.4.8.v20180619.jar:9.4.8.v20180619]
	at org.eclipse.jetty.util.thread.QueuedThreadPool.runJob(QueuedThreadPool.java:708) [jetty-util-9.4.8.v20180619.jar:9.4.8.v20180619]
	at org.eclipse.jetty.util.thread.QueuedThreadPool$2.run(QueuedThreadPool.java:626) [jetty-util-9.4.8.v20180619.jar:9.4.8.v20180619]
	at java.lang.Thread.run(Thread.java:748) [?:1.8.0_162]
Caused by: java.lang.reflect.InvocationTargetException
	at sun.reflect.NativeMethodAccessorImpl.invoke0(Native Method) ~[?:1.8.0_162]
	at sun.reflect.NativeMethodAccessorImpl.invoke(NativeMethodAccessorImpl.java:62) ~[?:1.8.0_162]
	at sun.reflect.DelegatingMethodAccessorImpl.invoke(DelegatingMethodAccessorImpl.java:43) ~[?:1.8.0_162]
	at java.lang.reflect.Method.invoke(Method.java:498) ~[?:1.8.0_162]
	at org.owasp.esapi.util.ObjFactory.make(ObjFactory.java:86) ~[esapi-2.1.0.1.jar:2.1.0.1]
	... 77 more
Caused by: java.lang.NoClassDefFoundError: org/apache/log4j/spi/LoggerFactory
	at java.lang.Class.forName0(Native Method) ~[?:1.8.0_162]
	at java.lang.Class.forName(Class.java:264) ~[?:1.8.0_162]
	at org.owasp.esapi.util.ObjFactory.make(ObjFactory.java:74) ~[esapi-2.1.0.1.jar:2.1.0.1]
	at org.owasp.esapi.ESAPI.logFactory(ESAPI.java:137) ~[esapi-2.1.0.1.jar:2.1.0.1]
	at org.owasp.esapi.ESAPI.getLogger(ESAPI.java:154) ~[esapi-2.1.0.1.jar:2.1.0.1]
	at org.owasp.esapi.reference.DefaultEncoder.<init>(DefaultEncoder.java:75) ~[esapi-2.1.0.1.jar:2.1.0.1]
	at org.owasp.esapi.reference.DefaultEncoder.getInstance(DefaultEncoder.java:59) ~[esapi-2.1.0.1.jar:2.1.0.1]
	at sun.reflect.NativeMethodAccessorImpl.invoke0(Native Method) ~[?:1.8.0_162]
	at sun.reflect.NativeMethodAccessorImpl.invoke(NativeMethodAccessorImpl.java:62) ~[?:1.8.0_162]
	at sun.reflect.DelegatingMethodAccessorImpl.invoke(DelegatingMethodAccessorImpl.java:43) ~[?:1.8.0_162]
	at java.lang.reflect.Method.invoke(Method.java:498) ~[?:1.8.0_162]
	at org.owasp.esapi.util.ObjFactory.make(ObjFactory.java:86) ~[esapi-2.1.0.1.jar:2.1.0.1]
	... 77 more
Caused by: java.lang.ClassNotFoundException: org.apache.log4j.spi.LoggerFactory
	at org.codehaus.plexus.classworlds.strategy.SelfFirstStrategy.loadClass(SelfFirstStrategy.java:50) ~[?:?]
	at org.codehaus.plexus.classworlds.realm.ClassRealm.unsynchronizedLoadClass(ClassRealm.java:271) ~[?:?]
	at org.codehaus.plexus.classworlds.realm.ClassRealm.loadClass(ClassRealm.java:247) ~[?:?]
	at org.codehaus.plexus.classworlds.realm.ClassRealm.loadClass(ClassRealm.java:239) ~[?:?]
	at org.eclipse.jetty.webapp.WebAppClassLoader.loadClass(WebAppClassLoader.java:565) ~[?:?]
	at java.lang.ClassLoader.loadClass(ClassLoader.java:357) ~[?:1.8.0_162]
	at java.lang.Class.forName0(Native Method) ~[?:1.8.0_162]
	at java.lang.Class.forName(Class.java:264) ~[?:1.8.0_162]
	at org.owasp.esapi.util.ObjFactory.make(ObjFactory.java:74) ~[esapi-2.1.0.1.jar:2.1.0.1]
	at org.owasp.esapi.ESAPI.logFactory(ESAPI.java:137) ~[esapi-2.1.0.1.jar:2.1.0.1]
	at org.owasp.esapi.ESAPI.getLogger(ESAPI.java:154) ~[esapi-2.1.0.1.jar:2.1.0.1]
	at org.owasp.esapi.reference.DefaultEncoder.<init>(DefaultEncoder.java:75) ~[esapi-2.1.0.1.jar:2.1.0.1]
	at org.owasp.esapi.reference.DefaultEncoder.getInstance(DefaultEncoder.java:59) ~[esapi-2.1.0.1.jar:2.1.0.1]
	at sun.reflect.NativeMethodAccessorImpl.invoke0(Native Method) ~[?:1.8.0_162]
	at sun.reflect.NativeMethodAccessorImpl.invoke(NativeMethodAccessorImpl.java:62) ~[?:1.8.0_162]
	at sun.reflect.DelegatingMethodAccessorImpl.invoke(DelegatingMethodAccessorImpl.java:43) ~[?:1.8.0_162]
	at java.lang.reflect.Method.invoke(Method.java:498) ~[?:1.8.0_162]
	at org.owasp.esapi.util.ObjFactory.make(ObjFactory.java:86) ~[esapi-2.1.0.1.jar:2.1.0.1]
	... 77 more
2019-04-22 15:22:54.240 - ERROR -  org.entando.entando.aps.servlet.ControllerServlet - Error: final status = SYS_ERROR - request: /en/login.page
2019-04-22 15:23:48.769 - INFO  -  org.entando.entando.aps.system.XmlWebApplicationContext - Closing Root WebApplicationContext: startup date [Mon Apr 22 15:19:55 CEST 2019]; root of context hierarchy
2019-04-22 15:23:48.815 - INFO  -  org.apache.tiles.access.TilesAccess - Removing TilesContext for context: org.apache.tiles.request.servlet.ServletApplicationContext
2019-04-22 15:31:44.091 - INFO  -  com.opensymphony.xwork2.spring.SpringObjectFactory - Setting autowire strategy to name
2019-04-22 15:32:00.045 - ERROR -  com.agiletec.aps.system.services.controller.control.Authenticator - Error, could not fulfill the request
org.owasp.esapi.errors.ConfigurationException: java.lang.reflect.InvocationTargetException Encoder class (org.owasp.esapi.reference.DefaultEncoder) CTOR threw exception.
	at org.owasp.esapi.util.ObjFactory.make(ObjFactory.java:129) ~[esapi-2.1.0.1.jar:2.1.0.1]
	at org.owasp.esapi.ESAPI.encoder(ESAPI.java:99) ~[esapi-2.1.0.1.jar:2.1.0.1]
	at org.entando.entando.aps.servlet.XSSRequestWrapper.stripXSS(XSSRequestWrapper.java:68) ~[entando-portal-ui-5.1.0.jar:?]
	at org.entando.entando.aps.servlet.XSSRequestWrapper.getParameter(XSSRequestWrapper.java:57) ~[entando-portal-ui-5.1.0.jar:?]
	at com.agiletec.aps.system.services.controller.control.Authenticator.service(Authenticator.java:67) [entando-portal-ui-5.1.0.jar:?]
	at com.agiletec.aps.system.services.controller.ControllerManager.service(ControllerManager.java:72) [entando-portal-ui-5.1.0.jar:?]
	at org.entando.entando.aps.servlet.ControllerServlet.controlRequest(ControllerServlet.java:96) [entando-portal-ui-5.1.0.jar:?]
	at org.entando.entando.aps.servlet.ControllerServlet.service(ControllerServlet.java:58) [entando-portal-ui-5.1.0.jar:?]
	at javax.servlet.http.HttpServlet.service(HttpServlet.java:790) [javax.servlet-api-3.1.0.jar:3.1.0]
	at org.eclipse.jetty.servlet.ServletHolder.handle(ServletHolder.java:860) [jetty-servlet-9.4.8.v20180619.jar:9.4.8.v20180619]
	at org.eclipse.jetty.servlet.ServletHandler$CachedChain.doFilter(ServletHandler.java:1650) [jetty-servlet-9.4.8.v20180619.jar:9.4.8.v20180619]
	at org.eclipse.jetty.websocket.server.WebSocketUpgradeFilter.doFilter(WebSocketUpgradeFilter.java:206) [websocket-server-9.4.8.v20180619.jar:9.4.8.v20180619]
	at org.eclipse.jetty.servlet.ServletHandler$CachedChain.doFilter(ServletHandler.java:1637) [jetty-servlet-9.4.8.v20180619.jar:9.4.8.v20180619]
	at org.springframework.web.filter.CharacterEncodingFilter.doFilterInternal(CharacterEncodingFilter.java:200) [spring-web-5.0.8.RELEASE.jar:5.0.8.RELEASE]
	at org.springframework.web.filter.OncePerRequestFilter.doFilter(OncePerRequestFilter.java:107) [spring-web-5.0.8.RELEASE.jar:5.0.8.RELEASE]
	at org.eclipse.jetty.servlet.ServletHandler$CachedChain.doFilter(ServletHandler.java:1637) [jetty-servlet-9.4.8.v20180619.jar:9.4.8.v20180619]
	at org.entando.entando.aps.servlet.XSSFilter.doFilter(XSSFilter.java:38) [entando-portal-ui-5.1.0.jar:?]
	at org.eclipse.jetty.servlet.ServletHandler$CachedChain.doFilter(ServletHandler.java:1629) [jetty-servlet-9.4.8.v20180619.jar:9.4.8.v20180619]
	at org.springframework.security.web.FilterChainProxy$VirtualFilterChain.doFilter(FilterChainProxy.java:320) [spring-security-web-5.0.7.RELEASE.jar:5.0.7.RELEASE]
	at org.springframework.security.web.access.intercept.FilterSecurityInterceptor.invoke(FilterSecurityInterceptor.java:127) [spring-security-web-5.0.7.RELEASE.jar:5.0.7.RELEASE]
	at org.springframework.security.web.access.intercept.FilterSecurityInterceptor.doFilter(FilterSecurityInterceptor.java:91) [spring-security-web-5.0.7.RELEASE.jar:5.0.7.RELEASE]
	at org.springframework.security.web.FilterChainProxy$VirtualFilterChain.doFilter(FilterChainProxy.java:334) [spring-security-web-5.0.7.RELEASE.jar:5.0.7.RELEASE]
	at org.springframework.security.web.access.ExceptionTranslationFilter.doFilter(ExceptionTranslationFilter.java:119) [spring-security-web-5.0.7.RELEASE.jar:5.0.7.RELEASE]
	at org.springframework.security.web.FilterChainProxy$VirtualFilterChain.doFilter(FilterChainProxy.java:334) [spring-security-web-5.0.7.RELEASE.jar:5.0.7.RELEASE]
	at org.springframework.security.web.session.SessionManagementFilter.doFilter(SessionManagementFilter.java:137) [spring-security-web-5.0.7.RELEASE.jar:5.0.7.RELEASE]
	at org.springframework.security.web.FilterChainProxy$VirtualFilterChain.doFilter(FilterChainProxy.java:334) [spring-security-web-5.0.7.RELEASE.jar:5.0.7.RELEASE]
	at org.springframework.security.web.servletapi.SecurityContextHolderAwareRequestFilter.doFilter(SecurityContextHolderAwareRequestFilter.java:170) [spring-security-web-5.0.7.RELEASE.jar:5.0.7.RELEASE]
	at org.springframework.security.web.FilterChainProxy$VirtualFilterChain.doFilter(FilterChainProxy.java:334) [spring-security-web-5.0.7.RELEASE.jar:5.0.7.RELEASE]
	at org.springframework.security.web.savedrequest.RequestCacheAwareFilter.doFilter(RequestCacheAwareFilter.java:63) [spring-security-web-5.0.7.RELEASE.jar:5.0.7.RELEASE]
	at org.springframework.security.web.FilterChainProxy$VirtualFilterChain.doFilter(FilterChainProxy.java:334) [spring-security-web-5.0.7.RELEASE.jar:5.0.7.RELEASE]
	at org.springframework.security.web.authentication.logout.LogoutFilter.doFilter(LogoutFilter.java:116) [spring-security-web-5.0.7.RELEASE.jar:5.0.7.RELEASE]
	at org.springframework.security.web.FilterChainProxy$VirtualFilterChain.doFilter(FilterChainProxy.java:334) [spring-security-web-5.0.7.RELEASE.jar:5.0.7.RELEASE]
	at org.springframework.security.web.header.HeaderWriterFilter.doFilterInternal(HeaderWriterFilter.java:66) [spring-security-web-5.0.7.RELEASE.jar:5.0.7.RELEASE]
	at org.springframework.web.filter.OncePerRequestFilter.doFilter(OncePerRequestFilter.java:107) [spring-web-5.0.8.RELEASE.jar:5.0.8.RELEASE]
	at org.springframework.security.web.FilterChainProxy$VirtualFilterChain.doFilter(FilterChainProxy.java:334) [spring-security-web-5.0.7.RELEASE.jar:5.0.7.RELEASE]
	at org.springframework.security.web.context.SecurityContextPersistenceFilter.doFilter(SecurityContextPersistenceFilter.java:105) [spring-security-web-5.0.7.RELEASE.jar:5.0.7.RELEASE]
	at org.springframework.security.web.FilterChainProxy$VirtualFilterChain.doFilter(FilterChainProxy.java:334) [spring-security-web-5.0.7.RELEASE.jar:5.0.7.RELEASE]
	at org.springframework.security.web.context.request.async.WebAsyncManagerIntegrationFilter.doFilterInternal(WebAsyncManagerIntegrationFilter.java:56) [spring-security-web-5.0.7.RELEASE.jar:5.0.7.RELEASE]
	at org.springframework.web.filter.OncePerRequestFilter.doFilter(OncePerRequestFilter.java:107) [spring-web-5.0.8.RELEASE.jar:5.0.8.RELEASE]
	at org.springframework.security.web.FilterChainProxy$VirtualFilterChain.doFilter(FilterChainProxy.java:334) [spring-security-web-5.0.7.RELEASE.jar:5.0.7.RELEASE]
	at org.springframework.security.web.FilterChainProxy.doFilterInternal(FilterChainProxy.java:215) [spring-security-web-5.0.7.RELEASE.jar:5.0.7.RELEASE]
	at org.springframework.security.web.FilterChainProxy.doFilter(FilterChainProxy.java:178) [spring-security-web-5.0.7.RELEASE.jar:5.0.7.RELEASE]
	at org.springframework.web.filter.DelegatingFilterProxy.invokeDelegate(DelegatingFilterProxy.java:357) [spring-web-5.0.8.RELEASE.jar:5.0.8.RELEASE]
	at org.springframework.web.filter.DelegatingFilterProxy.doFilter(DelegatingFilterProxy.java:270) [spring-web-5.0.8.RELEASE.jar:5.0.8.RELEASE]
	at org.eclipse.jetty.servlet.ServletHandler$CachedChain.doFilter(ServletHandler.java:1637) [jetty-servlet-9.4.8.v20180619.jar:9.4.8.v20180619]
	at org.entando.entando.aps.servlet.security.CORSFilter.doFilterInternal(CORSFilter.java:45) [entando-engine-5.1.0.jar:?]
	at org.springframework.web.filter.OncePerRequestFilter.doFilter(OncePerRequestFilter.java:107) [spring-web-5.0.8.RELEASE.jar:5.0.8.RELEASE]
	at org.eclipse.jetty.servlet.ServletHandler$CachedChain.doFilter(ServletHandler.java:1637) [jetty-servlet-9.4.8.v20180619.jar:9.4.8.v20180619]
	at org.eclipse.jetty.servlet.ServletHandler.doHandle(ServletHandler.java:533) [jetty-servlet-9.4.8.v20180619.jar:9.4.8.v20180619]
	at org.eclipse.jetty.server.handler.ScopedHandler.handle(ScopedHandler.java:143) [jetty-server-9.4.8.v20180619.jar:9.4.8.v20180619]
	at org.eclipse.jetty.security.SecurityHandler.handle(SecurityHandler.java:548) [jetty-security-9.4.8.v20180619.jar:9.4.8.v20180619]
	at org.eclipse.jetty.server.handler.HandlerWrapper.handle(HandlerWrapper.java:132) [jetty-server-9.4.8.v20180619.jar:9.4.8.v20180619]
	at org.eclipse.jetty.server.handler.ScopedHandler.nextHandle(ScopedHandler.java:190) [jetty-server-9.4.8.v20180619.jar:9.4.8.v20180619]
	at org.eclipse.jetty.server.session.SessionHandler.doHandle(SessionHandler.java:1595) [jetty-server-9.4.8.v20180619.jar:9.4.8.v20180619]
	at org.eclipse.jetty.server.handler.ScopedHandler.nextHandle(ScopedHandler.java:188) [jetty-server-9.4.8.v20180619.jar:9.4.8.v20180619]
	at org.eclipse.jetty.server.handler.ContextHandler.doHandle(ContextHandler.java:1253) [jetty-server-9.4.8.v20180619.jar:9.4.8.v20180619]
	at org.eclipse.jetty.server.handler.ScopedHandler.nextScope(ScopedHandler.java:168) [jetty-server-9.4.8.v20180619.jar:9.4.8.v20180619]
	at org.eclipse.jetty.servlet.ServletHandler.doScope(ServletHandler.java:473) [jetty-servlet-9.4.8.v20180619.jar:9.4.8.v20180619]
	at org.eclipse.jetty.server.session.SessionHandler.doScope(SessionHandler.java:1564) [jetty-server-9.4.8.v20180619.jar:9.4.8.v20180619]
	at org.eclipse.jetty.server.handler.ScopedHandler.nextScope(ScopedHandler.java:166) [jetty-server-9.4.8.v20180619.jar:9.4.8.v20180619]
	at org.eclipse.jetty.server.handler.ContextHandler.doScope(ContextHandler.java:1155) [jetty-server-9.4.8.v20180619.jar:9.4.8.v20180619]
	at org.eclipse.jetty.server.handler.ScopedHandler.handle(ScopedHandler.java:141) [jetty-server-9.4.8.v20180619.jar:9.4.8.v20180619]
	at org.eclipse.jetty.server.handler.ContextHandlerCollection.handle(ContextHandlerCollection.java:219) [jetty-server-9.4.8.v20180619.jar:9.4.8.v20180619]
	at org.eclipse.jetty.server.handler.HandlerCollection.handle(HandlerCollection.java:126) [jetty-server-9.4.8.v20180619.jar:9.4.8.v20180619]
	at org.eclipse.jetty.server.handler.HandlerWrapper.handle(HandlerWrapper.java:132) [jetty-server-9.4.8.v20180619.jar:9.4.8.v20180619]
	at org.eclipse.jetty.server.Server.handle(Server.java:530) [jetty-server-9.4.8.v20180619.jar:9.4.8.v20180619]
	at org.eclipse.jetty.server.HttpChannel.handle(HttpChannel.java:347) [jetty-server-9.4.8.v20180619.jar:9.4.8.v20180619]
	at org.eclipse.jetty.server.HttpConnection.onFillable(HttpConnection.java:256) [jetty-server-9.4.8.v20180619.jar:9.4.8.v20180619]
	at org.eclipse.jetty.io.AbstractConnection$ReadCallback.succeeded(AbstractConnection.java:279) [jetty-io-9.4.8.v20180619.jar:9.4.8.v20180619]
	at org.eclipse.jetty.io.FillInterest.fillable(FillInterest.java:102) [jetty-io-9.4.8.v20180619.jar:9.4.8.v20180619]
	at org.eclipse.jetty.io.ChannelEndPoint$2.run(ChannelEndPoint.java:124) [jetty-io-9.4.8.v20180619.jar:9.4.8.v20180619]
	at org.eclipse.jetty.util.thread.strategy.EatWhatYouKill.doProduce(EatWhatYouKill.java:247) [jetty-util-9.4.8.v20180619.jar:9.4.8.v20180619]
	at org.eclipse.jetty.util.thread.strategy.EatWhatYouKill.produce(EatWhatYouKill.java:140) [jetty-util-9.4.8.v20180619.jar:9.4.8.v20180619]
	at org.eclipse.jetty.util.thread.strategy.EatWhatYouKill.run(EatWhatYouKill.java:131) [jetty-util-9.4.8.v20180619.jar:9.4.8.v20180619]
	at org.eclipse.jetty.util.thread.ReservedThreadExecutor$ReservedThread.run(ReservedThreadExecutor.java:382) [jetty-util-9.4.8.v20180619.jar:9.4.8.v20180619]
	at org.eclipse.jetty.util.thread.QueuedThreadPool.runJob(QueuedThreadPool.java:708) [jetty-util-9.4.8.v20180619.jar:9.4.8.v20180619]
	at org.eclipse.jetty.util.thread.QueuedThreadPool$2.run(QueuedThreadPool.java:626) [jetty-util-9.4.8.v20180619.jar:9.4.8.v20180619]
	at java.lang.Thread.run(Thread.java:748) [?:1.8.0_162]
Caused by: java.lang.reflect.InvocationTargetException
	at sun.reflect.NativeMethodAccessorImpl.invoke0(Native Method) ~[?:1.8.0_162]
	at sun.reflect.NativeMethodAccessorImpl.invoke(NativeMethodAccessorImpl.java:62) ~[?:1.8.0_162]
	at sun.reflect.DelegatingMethodAccessorImpl.invoke(DelegatingMethodAccessorImpl.java:43) ~[?:1.8.0_162]
	at java.lang.reflect.Method.invoke(Method.java:498) ~[?:1.8.0_162]
	at org.owasp.esapi.util.ObjFactory.make(ObjFactory.java:86) ~[esapi-2.1.0.1.jar:2.1.0.1]
	... 77 more
Caused by: java.lang.NoClassDefFoundError: org/apache/log4j/spi/LoggerFactory
	at java.lang.Class.forName0(Native Method) ~[?:1.8.0_162]
	at java.lang.Class.forName(Class.java:264) ~[?:1.8.0_162]
	at org.owasp.esapi.util.ObjFactory.make(ObjFactory.java:74) ~[esapi-2.1.0.1.jar:2.1.0.1]
	at org.owasp.esapi.ESAPI.logFactory(ESAPI.java:137) ~[esapi-2.1.0.1.jar:2.1.0.1]
	at org.owasp.esapi.ESAPI.getLogger(ESAPI.java:154) ~[esapi-2.1.0.1.jar:2.1.0.1]
	at org.owasp.esapi.reference.DefaultEncoder.<init>(DefaultEncoder.java:75) ~[esapi-2.1.0.1.jar:2.1.0.1]
	at org.owasp.esapi.reference.DefaultEncoder.getInstance(DefaultEncoder.java:59) ~[esapi-2.1.0.1.jar:2.1.0.1]
	at sun.reflect.NativeMethodAccessorImpl.invoke0(Native Method) ~[?:1.8.0_162]
	at sun.reflect.NativeMethodAccessorImpl.invoke(NativeMethodAccessorImpl.java:62) ~[?:1.8.0_162]
	at sun.reflect.DelegatingMethodAccessorImpl.invoke(DelegatingMethodAccessorImpl.java:43) ~[?:1.8.0_162]
	at java.lang.reflect.Method.invoke(Method.java:498) ~[?:1.8.0_162]
	at org.owasp.esapi.util.ObjFactory.make(ObjFactory.java:86) ~[esapi-2.1.0.1.jar:2.1.0.1]
	... 77 more
Caused by: java.lang.ClassNotFoundException: org.apache.log4j.spi.LoggerFactory
	at org.codehaus.plexus.classworlds.strategy.SelfFirstStrategy.loadClass(SelfFirstStrategy.java:50) ~[?:?]
	at org.codehaus.plexus.classworlds.realm.ClassRealm.unsynchronizedLoadClass(ClassRealm.java:271) ~[?:?]
	at org.codehaus.plexus.classworlds.realm.ClassRealm.loadClass(ClassRealm.java:247) ~[?:?]
	at org.codehaus.plexus.classworlds.realm.ClassRealm.loadClass(ClassRealm.java:239) ~[?:?]
	at org.eclipse.jetty.webapp.WebAppClassLoader.loadClass(WebAppClassLoader.java:565) ~[?:?]
	at java.lang.ClassLoader.loadClass(ClassLoader.java:357) ~[?:1.8.0_162]
	at java.lang.Class.forName0(Native Method) ~[?:1.8.0_162]
	at java.lang.Class.forName(Class.java:264) ~[?:1.8.0_162]
	at org.owasp.esapi.util.ObjFactory.make(ObjFactory.java:74) ~[esapi-2.1.0.1.jar:2.1.0.1]
	at org.owasp.esapi.ESAPI.logFactory(ESAPI.java:137) ~[esapi-2.1.0.1.jar:2.1.0.1]
	at org.owasp.esapi.ESAPI.getLogger(ESAPI.java:154) ~[esapi-2.1.0.1.jar:2.1.0.1]
	at org.owasp.esapi.reference.DefaultEncoder.<init>(DefaultEncoder.java:75) ~[esapi-2.1.0.1.jar:2.1.0.1]
	at org.owasp.esapi.reference.DefaultEncoder.getInstance(DefaultEncoder.java:59) ~[esapi-2.1.0.1.jar:2.1.0.1]
	at sun.reflect.NativeMethodAccessorImpl.invoke0(Native Method) ~[?:1.8.0_162]
	at sun.reflect.NativeMethodAccessorImpl.invoke(NativeMethodAccessorImpl.java:62) ~[?:1.8.0_162]
	at sun.reflect.DelegatingMethodAccessorImpl.invoke(DelegatingMethodAccessorImpl.java:43) ~[?:1.8.0_162]
	at java.lang.reflect.Method.invoke(Method.java:498) ~[?:1.8.0_162]
	at org.owasp.esapi.util.ObjFactory.make(ObjFactory.java:86) ~[esapi-2.1.0.1.jar:2.1.0.1]
	... 77 more
2019-04-22 15:32:00.063 - ERROR -  org.entando.entando.aps.servlet.ControllerServlet - Error: final status = SYS_ERROR - request: /en/login.page
2019-04-22 15:32:09.041 - INFO  -  com.agiletec.apsadmin.common.DispatchAction - User - admin logged
2019-04-22 15:32:44.671 - INFO  -  org.entando.entando.aps.system.XmlWebApplicationContext - Closing Root WebApplicationContext: startup date [Mon Apr 22 15:31:29 CEST 2019]; root of context hierarchy
2019-04-22 15:32:44.710 - INFO  -  org.apache.tiles.access.TilesAccess - Removing TilesContext for context: org.apache.tiles.request.servlet.ServletApplicationContext
